<?xml version="1.0" encoding="UTF-8"?>
<!-- Generated by org.testng.reporters.JUnitXMLReporter -->
<testsuite hostname="boompc-23" ignored="2" name="Test" tests="3" failures="0" timestamp="09 Aug 2017 10:15:31 GMT" time="47.073" errors="0">
  <testcase name="testInvalidLoginLogout" time="5.837" classname="com.ecommerce.tests.InvalidLoginLogout"/>
  <testcase name="testValidLoginLogout" time="6.747" classname="com.ecommerce.tests.ValidLoginLogoutTest"/>
  <testcase name="testVerifyLicensesPage" time="6.72" classname="com.ecommerce.tests.VerifyLicensesPage"/>
  <testcase name="@BeforeSuite setDriverPath" time="0.0" classname="generics.BaseTest">
    <ignored/>
  </testcase> <!-- @BeforeSuite setDriverPath -->
  <testcase name="@BeforeSuite setDriverPath" time="0.0" classname="generics.BaseTest">
    <ignored/>
  </testcase> <!-- @BeforeSuite setDriverPath -->
</testsuite> <!-- Test -->
